2026-02-12 12:26:11,773 - HTTP Request: POST https://api.telegram.org/bot8584253560:AAElyNj0Ypym4rmV96TZTWugljDyO0JAcNs/getMe "HTTP/1.1 200 OK"
2026-02-12 12:26:14,811 - HTTP Request: POST https://api.telegram.org/bot8584253560:AAElyNj0Ypym4rmV96TZTWugljDyO0JAcNs/deleteWebhook "HTTP/1.1 200 OK"
2026-02-12 12:26:14,813 - Application started
2026-02-12 12:26:14,945 - HTTP Request: POST https://api.telegram.org/bot8584253560:AAElyNj0Ypym4rmV96TZTWugljDyO0JAcNs/getUpdates "HTTP/1.1 200 OK"
2026-02-12 12:26:15,078 - HTTP Request: POST https://api.telegram.org/bot8584253560:AAElyNj0Ypym4rmV96TZTWugljDyO0JAcNs/sendMessage "HTTP/1.1 200 OK"
2026-02-12 12:26:25,009 - HTTP Request: POST https://api.telegram.org/bot8584253560:AAElyNj0Ypym4rmV96TZTWugljDyO0JAcNs/getUpdates "HTTP/1.1 200 OK"
2026-02-12 12:26:33,544 - HTTP Request: POST https://api.telegram.org/bot8584253560:AAElyNj0Ypym4rmV96TZTWugljDyO0JAcNs/getUpdates "HTTP/1.1 200 OK"
2026-02-12 12:26:33,692 - HTTP Request: POST https://api.telegram.org/bot8584253560:AAElyNj0Ypym4rmV96TZTWugljDyO0JAcNs/answerCallbackQuery "HTTP/1.1 200 OK"
2026-02-12 12:26:33,776 - HTTP Request: POST https://api.telegram.org/bot8584253560:AAElyNj0Ypym4rmV96TZTWugljDyO0JAcNs/editMessageText "HTTP/1.1 200 OK"
2026-02-12 12:26:43,597 - HTTP Request: POST https://api.telegram.org/bot8584253560:AAElyNj0Ypym4rmV96TZTWugljDyO0JAcNs/getUpdates "HTTP/1.1 200 OK"
2026-02-12 12:26:53,642 - HTTP Request: POST https://api.telegram.org/bot8584253560:AAElyNj0Ypym4rmV96TZTWugljDyO0JAcNs/getUpdates "HTTP/1.1 200 OK"
2026-02-12 12:27:03,687 - HTTP Request: POST https://api.telegram.org/bot8584253560:AAElyNj0Ypym4rmV96TZTWugljDyO0JAcNs/getUpdates "HTTP/1.1 200 OK"
2026-02-12 12:27:13,732 - HTTP Request: POST https://api.telegram.org/bot8584253560:AAElyNj0Ypym4rmV96TZTWugljDyO0JAcNs/getUpdates "HTTP/1.1 200 OK"
2026-02-12 12:27:23,776 - HTTP Request: POST https://api.telegram.org/bot8584253560:AAElyNj0Ypym4rmV96TZTWugljDyO0JAcNs/getUpdates "HTTP/1.1 200 OK"
2026-02-12 12:27:33,821 - HTTP Request: POST https://api.telegram.org/bot8584253560:AAElyNj0Ypym4rmV96TZTWugljDyO0JAcNs/getUpdates "HTTP/1.1 200 OK"
2026-02-12 12:27:43,873 - HTTP Request: POST https://api.telegram.org/bot8584253560:AAElyNj0Ypym4rmV96TZTWugljDyO0JAcNs/getUpdates "HTTP/1.1 200 OK"
2026-02-12 12:27:53,918 - HTTP Request: POST https://api.telegram.org/bot8584253560:AAElyNj0Ypym4rmV96TZTWugljDyO0JAcNs/getUpdates "HTTP/1.1 200 OK"
2026-02-12 12:28:03,964 - HTTP Request: POST https://api.telegram.org/bot8584253560:AAElyNj0Ypym4rmV96TZTWugljDyO0JAcNs/getUpdates "HTTP/1.1 200 OK"
2026-02-12 12:28:14,009 - HTTP Request: POST https://api.telegram.org/bot8584253560:AAElyNj0Ypym4rmV96TZTWugljDyO0JAcNs/getUpdates "HTTP/1.1 200 OK"
2026-02-12 12:28:24,054 - HTTP Request: POST https://api.telegram.org/bot8584253560:AAElyNj0Ypym4rmV96TZTWugljDyO0JAcNs/getUpdates "HTTP/1.1 200 OK"
2026-02-12 12:28:34,102 - HTTP Request: POST https://api.telegram.org/bot8584253560:AAElyNj0Ypym4rmV96TZTWugljDyO0JAcNs/getUpdates "HTTP/1.1 200 OK"
2026-02-12 12:28:44,150 - HTTP Request: POST https://api.telegram.org/bot8584253560:AAElyNj0Ypym4rmV96TZTWugljDyO0JAcNs/getUpdates "HTTP/1.1 200 OK"
2026-02-12 12:28:54,195 - HTTP Request: POST https://api.telegram.org/bot8584253560:AAElyNj0Ypym4rmV96TZTWugljDyO0JAcNs/getUpdates "HTTP/1.1 200 OK"
2026-02-12 12:29:04,239 - HTTP Request: POST https://api.telegram.org/bot8584253560:AAElyNj0Ypym4rmV96TZTWugljDyO0JAcNs/getUpdates "HTTP/1.1 200 OK"
2026-02-12 12:29:14,285 - HTTP Request: POST https://api.telegram.org/bot8584253560:AAElyNj0Ypym4rmV96TZTWugljDyO0JAcNs/getUpdates "HTTP/1.1 200 OK"
2026-02-12 12:29:24,330 - HTTP Request: POST https://api.telegram.org/bot8584253560:AAElyNj0Ypym4rmV96TZTWugljDyO0JAcNs/getUpdates "HTTP/1.1 200 OK"
2026-02-12 12:29:34,375 - HTTP Request: POST https://api.telegram.org/bot8584253560:AAElyNj0Ypym4rmV96TZTWugljDyO0JAcNs/getUpdates "HTTP/1.1 200 OK"
2026-02-12 12:35:56,678 - HTTP Request: POST https://api.telegram.org/bot8584253560:AAElyNj0Ypym4rmV96TZTWugljDyO0JAcNs/getMe "HTTP/1.1 200 OK"
2026-02-12 12:35:59,707 - HTTP Request: POST https://api.telegram.org/bot8584253560:AAElyNj0Ypym4rmV96TZTWugljDyO0JAcNs/deleteWebhook "HTTP/1.1 200 OK"
2026-02-12 12:35:59,710 - Application started
2026-02-12 12:36:09,841 - HTTP Request: POST https://api.telegram.org/bot8584253560:AAElyNj0Ypym4rmV96TZTWugljDyO0JAcNs/getUpdates "HTTP/1.1 200 OK"
2026-02-12 12:36:19,886 - HTTP Request: POST https://api.telegram.org/bot8584253560:AAElyNj0Ypym4rmV96TZTWugljDyO0JAcNs/getUpdates "HTTP/1.1 200 OK"
2026-02-12 12:36:29,930 - HTTP Request: POST https://api.telegram.org/bot8584253560:AAElyNj0Ypym4rmV96TZTWugljDyO0JAcNs/getUpdates "HTTP/1.1 200 OK"
2026-02-12 12:36:39,975 - HTTP Request: POST https://api.telegram.org/bot8584253560:AAElyNj0Ypym4rmV96TZTWugljDyO0JAcNs/getUpdates "HTTP/1.1 200 OK"
2026-02-12 12:36:50,019 - HTTP Request: POST https://api.telegram.org/bot8584253560:AAElyNj0Ypym4rmV96TZTWugljDyO0JAcNs/getUpdates "HTTP/1.1 200 OK"
2026-02-12 12:37:00,066 - HTTP Request: POST https://api.telegram.org/bot8584253560:AAElyNj0Ypym4rmV96TZTWugljDyO0JAcNs/getUpdates "HTTP/1.1 200 OK"
2026-02-12 12:37:10,110 - HTTP Request: POST https://api.telegram.org/bot8584253560:AAElyNj0Ypym4rmV96TZTWugljDyO0JAcNs/getUpdates "HTTP/1.1 200 OK"
2026-02-12 12:37:20,155 - HTTP Request: POST https://api.telegram.org/bot8584253560:AAElyNj0Ypym4rmV96TZTWugljDyO0JAcNs/getUpdates "HTTP/1.1 200 OK"
2026-02-12 12:37:30,200 - HTTP Request: POST https://api.telegram.org/bot8584253560:AAElyNj0Ypym4rmV96TZTWugljDyO0JAcNs/getUpdates "HTTP/1.1 200 OK"
2026-02-12 12:37:40,243 - HTTP Request: POST https://api.telegram.org/bot8584253560:AAElyNj0Ypym4rmV96TZTWugljDyO0JAcNs/getUpdates "HTTP/1.1 200 OK"
2026-02-12 12:37:50,289 - HTTP Request: POST https://api.telegram.org/bot8584253560:AAElyNj0Ypym4rmV96TZTWugljDyO0JAcNs/getUpdates "HTTP/1.1 200 OK"
2026-02-12 12:38:00,334 - HTTP Request: POST https://api.telegram.org/bot8584253560:AAElyNj0Ypym4rmV96TZTWugljDyO0JAcNs/getUpdates "HTTP/1.1 200 OK"
2026-02-12 12:38:10,378 - HTTP Request: POST https://api.telegram.org/bot8584253560:AAElyNj0Ypym4rmV96TZTWugljDyO0JAcNs/getUpdates "HTTP/1.1 200 OK"
2026-02-12 12:38:20,422 - HTTP Request: POST https://api.telegram.org/bot8584253560:AAElyNj0Ypym4rmV96TZTWugljDyO0JAcNs/getUpdates "HTTP/1.1 200 OK"
2026-02-12 12:38:30,467 - HTTP Request: POST https://api.telegram.org/bot8584253560:AAElyNj0Ypym4rmV96TZTWugljDyO0JAcNs/getUpdates "HTTP/1.1 200 OK"
2026-02-12 12:38:40,514 - HTTP Request: POST https://api.telegram.org/bot8584253560:AAElyNj0Ypym4rmV96TZTWugljDyO0JAcNs/getUpdates "HTTP/1.1 200 OK"
2026-02-12 12:38:50,559 - HTTP Request: POST https://api.telegram.org/bot8584253560:AAElyNj0Ypym4rmV96TZTWugljDyO0JAcNs/getUpdates "HTTP/1.1 200 OK"
2026-02-12 12:39:00,605 - HTTP Request: POST https://api.telegram.org/bot8584253560:AAElyNj0Ypym4rmV96TZTWugljDyO0JAcNs/getUpdates "HTTP/1.1 200 OK"
2026-02-12 12:39:10,648 - HTTP Request: POST https://api.telegram.org/bot8584253560:AAElyNj0Ypym4rmV96TZTWugljDyO0JAcNs/getUpdates "HTTP/1.1 200 OK"
2026-02-12 12:39:20,694 - HTTP Request: POST https://api.telegram.org/bot8584253560:AAElyNj0Ypym4rmV96TZTWugljDyO0JAcNs/getUpdates "HTTP/1.1 200 OK"
2026-02-12 12:39:30,739 - HTTP Request: POST https://api.telegram.org/bot8584253560:AAElyNj0Ypym4rmV96TZTWugljDyO0JAcNs/getUpdates "HTTP/1.1 200 OK"
2026-02-12 12:39:40,785 - HTTP Request: POST https://api.telegram.org/bot8584253560:AAElyNj0Ypym4rmV96TZTWugljDyO0JAcNs/getUpdates "HTTP/1.1 200 OK"
2026-02-12 12:39:50,830 - HTTP Request: POST https://api.telegram.org/bot8584253560:AAElyNj0Ypym4rmV96TZTWugljDyO0JAcNs/getUpdates "HTTP/1.1 200 OK"
2026-02-12 12:40:00,875 - HTTP Request: POST https://api.telegram.org/bot8584253560:AAElyNj0Ypym4rmV96TZTWugljDyO0JAcNs/getUpdates "HTTP/1.1 200 OK"
2026-02-12 12:40:10,920 - HTTP Request: POST https://api.telegram.org/bot8584253560:AAElyNj0Ypym4rmV96TZTWugljDyO0JAcNs/getUpdates "HTTP/1.1 200 OK"
2026-02-12 12:40:19,939 - HTTP Request: POST https://api.telegram.org/bot8584253560:AAElyNj0Ypym4rmV96TZTWugljDyO0JAcNs/getUpdates "HTTP/1.1 200 OK"
2026-02-12 12:40:21,385 - HTTP Request: POST https://api.telegram.org/bot8584253560:AAElyNj0Ypym4rmV96TZTWugljDyO0JAcNs/getUpdates "HTTP/1.1 200 OK"
2026-02-12 12:40:21,452 - HTTP Request: POST https://api.telegram.org/bot8584253560:AAElyNj0Ypym4rmV96TZTWugljDyO0JAcNs/getUpdates "HTTP/1.1 200 OK"
2026-02-12 12:40:21,653 - HTTP Request: POST https://api.telegram.org/bot8584253560:AAElyNj0Ypym4rmV96TZTWugljDyO0JAcNs/sendMessage "HTTP/1.1 200 OK"
2026-02-12 12:40:26,405 - HTTP Request: POST https://api.telegram.org/bot8584253560:AAElyNj0Ypym4rmV96TZTWugljDyO0JAcNs/getUpdates "HTTP/1.1 200 OK"
2026-02-12 12:40:26,556 - HTTP Request: POST https://api.telegram.org/bot8584253560:AAElyNj0Ypym4rmV96TZTWugljDyO0JAcNs/answerCallbackQuery "HTTP/1.1 200 OK"
2026-02-12 12:40:26,704 - HTTP Request: POST https://api.telegram.org/bot8584253560:AAElyNj0Ypym4rmV96TZTWugljDyO0JAcNs/editMessageText "HTTP/1.1 200 OK"
2026-02-12 12:40:28,784 - HTTP Request: POST https://api.telegram.org/bot8584253560:AAElyNj0Ypym4rmV96TZTWugljDyO0JAcNs/getUpdates "HTTP/1.1 200 OK"
2026-02-12 12:40:28,873 - HTTP Request: POST https://api.telegram.org/bot8584253560:AAElyNj0Ypym4rmV96TZTWugljDyO0JAcNs/answerCallbackQuery "HTTP/1.1 200 OK"
2026-02-12 12:40:29,507 - HTTP Request: POST https://api.telegram.org/bot8584253560:AAElyNj0Ypym4rmV96TZTWugljDyO0JAcNs/editMessageText "HTTP/1.1 200 OK"
2026-02-12 12:40:38,804 - HTTP Request: POST https://api.telegram.org/bot8584253560:AAElyNj0Ypym4rmV96TZTWugljDyO0JAcNs/getUpdates "HTTP/1.1 200 OK"
2026-02-12 12:40:39,029 - HTTP Request: POST https://api.telegram.org/bot8584253560:AAElyNj0Ypym4rmV96TZTWugljDyO0JAcNs/answerCallbackQuery "HTTP/1.1 200 OK"
2026-02-12 12:40:39,030 - No error handlers are registered, logging exception.
Traceback (most recent call last):
  File "C:\Users\Dima\AppData\Local\Programs\Python\Python314\Lib\site-packages\telegram\ext\_application.py", line 1315, in process_update
    await coroutine
  File "C:\Users\Dima\AppData\Local\Programs\Python\Python314\Lib\site-packages\telegram\ext\_handlers\basehandler.py", line 159, in handle_update
    return await self.callback(update, context)
           ^^^^^^^^^^^^^^^^^^^^^^^^^^^^^^^^^^^^
  File "D:\python\crypto_signal_bot\bot.py", line 185, in button
    await start(update, context)
  File "D:\python\crypto_signal_bot\bot.py", line 161, in start
    await update.message.reply_text("Îáĺđłňü ňîęĺí:", reply_markup=reply_markup)
          ^^^^^^^^^^^^^^^^^^^^^^^^^
AttributeError: 'NoneType' object has no attribute 'reply_text'
2026-02-12 12:40:40,751 - HTTP Request: POST https://api.telegram.org/bot8584253560:AAElyNj0Ypym4rmV96TZTWugljDyO0JAcNs/getUpdates "HTTP/1.1 200 OK"
2026-02-12 12:40:40,816 - HTTP Request: POST https://api.telegram.org/bot8584253560:AAElyNj0Ypym4rmV96TZTWugljDyO0JAcNs/answerCallbackQuery "HTTP/1.1 200 OK"
2026-02-12 12:40:40,818 - No error handlers are registered, logging exception.
Traceback (most recent call last):
  File "C:\Users\Dima\AppData\Local\Programs\Python\Python314\Lib\site-packages\telegram\ext\_application.py", line 1315, in process_update
    await coroutine
  File "C:\Users\Dima\AppData\Local\Programs\Python\Python314\Lib\site-packages\telegram\ext\_handlers\basehandler.py", line 159, in handle_update
    return await self.callback(update, context)
           ^^^^^^^^^^^^^^^^^^^^^^^^^^^^^^^^^^^^
  File "D:\python\crypto_signal_bot\bot.py", line 185, in button
    await start(update, context)
  File "D:\python\crypto_signal_bot\bot.py", line 161, in start
    await update.message.reply_text("Îáĺđłňü ňîęĺí:", reply_markup=reply_markup)
          ^^^^^^^^^^^^^^^^^^^^^^^^^
AttributeError: 'NoneType' object has no attribute 'reply_text'
2026-02-12 12:40:41,436 - HTTP Request: POST https://api.telegram.org/bot8584253560:AAElyNj0Ypym4rmV96TZTWugljDyO0JAcNs/getUpdates "HTTP/1.1 200 OK"
2026-02-12 12:40:41,491 - HTTP Request: POST https://api.telegram.org/bot8584253560:AAElyNj0Ypym4rmV96TZTWugljDyO0JAcNs/answerCallbackQuery "HTTP/1.1 200 OK"
2026-02-12 12:40:41,492 - No error handlers are registered, logging exception.
Traceback (most recent call last):
  File "C:\Users\Dima\AppData\Local\Programs\Python\Python314\Lib\site-packages\telegram\ext\_application.py", line 1315, in process_update
    await coroutine
  File "C:\Users\Dima\AppData\Local\Programs\Python\Python314\Lib\site-packages\telegram\ext\_handlers\basehandler.py", line 159, in handle_update
    return await self.callback(update, context)
           ^^^^^^^^^^^^^^^^^^^^^^^^^^^^^^^^^^^^
  File "D:\python\crypto_signal_bot\bot.py", line 185, in button
    await start(update, context)
  File "D:\python\crypto_signal_bot\bot.py", line 161, in start
    await update.message.reply_text("Îáĺđłňü ňîęĺí:", reply_markup=reply_markup)
          ^^^^^^^^^^^^^^^^^^^^^^^^^
AttributeError: 'NoneType' object has no attribute 'reply_text'
2026-02-12 12:40:42,013 - HTTP Request: POST https://api.telegram.org/bot8584253560:AAElyNj0Ypym4rmV96TZTWugljDyO0JAcNs/getUpdates "HTTP/1.1 200 OK"
2026-02-12 12:40:42,072 - HTTP Request: POST https://api.telegram.org/bot8584253560:AAElyNj0Ypym4rmV96TZTWugljDyO0JAcNs/answerCallbackQuery "HTTP/1.1 200 OK"
2026-02-12 12:40:42,073 - No error handlers are registered, logging exception.
Traceback (most recent call last):
  File "C:\Users\Dima\AppData\Local\Programs\Python\Python314\Lib\site-packages\telegram\ext\_application.py", line 1315, in process_update
    await coroutine
  File "C:\Users\Dima\AppData\Local\Programs\Python\Python314\Lib\site-packages\telegram\ext\_handlers\basehandler.py", line 159, in handle_update
    return await self.callback(update, context)
           ^^^^^^^^^^^^^^^^^^^^^^^^^^^^^^^^^^^^
  File "D:\python\crypto_signal_bot\bot.py", line 185, in button
    await start(update, context)
  File "D:\python\crypto_signal_bot\bot.py", line 161, in start
    await update.message.reply_text("Îáĺđłňü ňîęĺí:", reply_markup=reply_markup)
          ^^^^^^^^^^^^^^^^^^^^^^^^^
AttributeError: 'NoneType' object has no attribute 'reply_text'
2026-02-12 12:40:52,059 - HTTP Request: POST https://api.telegram.org/bot8584253560:AAElyNj0Ypym4rmV96TZTWugljDyO0JAcNs/getUpdates "HTTP/1.1 200 OK"
2026-02-12 12:41:02,684 - HTTP Request: POST https://api.telegram.org/bot8584253560:AAElyNj0Ypym4rmV96TZTWugljDyO0JAcNs/getUpdates "HTTP/1.1 200 OK"
2026-02-12 12:41:12,727 - HTTP Request: POST https://api.telegram.org/bot8584253560:AAElyNj0Ypym4rmV96TZTWugljDyO0JAcNs/getUpdates "HTTP/1.1 200 OK"
2026-02-12 12:41:22,771 - HTTP Request: POST https://api.telegram.org/bot8584253560:AAElyNj0Ypym4rmV96TZTWugljDyO0JAcNs/getUpdates "HTTP/1.1 200 OK"
2026-02-12 12:41:32,815 - HTTP Request: POST https://api.telegram.org/bot8584253560:AAElyNj0Ypym4rmV96TZTWugljDyO0JAcNs/getUpdates "HTTP/1.1 200 OK"
2026-02-12 12:41:42,860 - HTTP Request: POST https://api.telegram.org/bot8584253560:AAElyNj0Ypym4rmV96TZTWugljDyO0JAcNs/getUpdates "HTTP/1.1 200 OK"
2026-02-12 12:41:52,904 - HTTP Request: POST https://api.telegram.org/bot8584253560:AAElyNj0Ypym4rmV96TZTWugljDyO0JAcNs/getUpdates "HTTP/1.1 200 OK"
2026-02-12 12:42:02,950 - HTTP Request: POST https://api.telegram.org/bot8584253560:AAElyNj0Ypym4rmV96TZTWugljDyO0JAcNs/getUpdates "HTTP/1.1 200 OK"
2026-02-12 12:42:12,995 - HTTP Request: POST https://api.telegram.org/bot8584253560:AAElyNj0Ypym4rmV96TZTWugljDyO0JAcNs/getUpdates "HTTP/1.1 200 OK"
2026-02-12 12:42:23,040 - HTTP Request: POST https://api.telegram.org/bot8584253560:AAElyNj0Ypym4rmV96TZTWugljDyO0JAcNs/getUpdates "HTTP/1.1 200 OK"
2026-02-12 12:42:33,085 - HTTP Request: POST https://api.telegram.org/bot8584253560:AAElyNj0Ypym4rmV96TZTWugljDyO0JAcNs/getUpdates "HTTP/1.1 200 OK"
2026-02-12 12:42:43,129 - HTTP Request: POST https://api.telegram.org/bot8584253560:AAElyNj0Ypym4rmV96TZTWugljDyO0JAcNs/getUpdates "HTTP/1.1 200 OK"
2026-02-12 12:42:53,173 - HTTP Request: POST https://api.telegram.org/bot8584253560:AAElyNj0Ypym4rmV96TZTWugljDyO0JAcNs/getUpdates "HTTP/1.1 200 OK"
2026-02-12 12:43:03,218 - HTTP Request: POST https://api.telegram.org/bot8584253560:AAElyNj0Ypym4rmV96TZTWugljDyO0JAcNs/getUpdates "HTTP/1.1 200 OK"
2026-02-12 12:43:13,263 - HTTP Request: POST https://api.telegram.org/bot8584253560:AAElyNj0Ypym4rmV96TZTWugljDyO0JAcNs/getUpdates "HTTP/1.1 200 OK"
2026-02-12 12:43:23,308 - HTTP Request: POST https://api.telegram.org/bot8584253560:AAElyNj0Ypym4rmV96TZTWugljDyO0JAcNs/getUpdates "HTTP/1.1 200 OK"
2026-02-12 12:43:33,353 - HTTP Request: POST https://api.telegram.org/bot8584253560:AAElyNj0Ypym4rmV96TZTWugljDyO0JAcNs/getUpdates "HTTP/1.1 200 OK"
2026-02-12 12:43:43,398 - HTTP Request: POST https://api.telegram.org/bot8584253560:AAElyNj0Ypym4rmV96TZTWugljDyO0JAcNs/getUpdates "HTTP/1.1 200 OK"
2026-02-12 12:43:53,442 - HTTP Request: POST https://api.telegram.org/bot8584253560:AAElyNj0Ypym4rmV96TZTWugljDyO0JAcNs/getUpdates "HTTP/1.1 200 OK"
2026-02-12 12:44:03,485 - HTTP Request: POST https://api.telegram.org/bot8584253560:AAElyNj0Ypym4rmV96TZTWugljDyO0JAcNs/getUpdates "HTTP/1.1 200 OK"
2026-02-12 12:44:13,528 - HTTP Request: POST https://api.telegram.org/bot8584253560:AAElyNj0Ypym4rmV96TZTWugljDyO0JAcNs/getUpdates "HTTP/1.1 200 OK"
2026-02-12 12:44:23,575 - HTTP Request: POST https://api.telegram.org/bot8584253560:AAElyNj0Ypym4rmV96TZTWugljDyO0JAcNs/getUpdates "HTTP/1.1 200 OK"
2026-02-12 12:44:33,620 - HTTP Request: POST https://api.telegram.org/bot8584253560:AAElyNj0Ypym4rmV96TZTWugljDyO0JAcNs/getUpdates "HTTP/1.1 200 OK"
2026-02-12 12:44:43,665 - HTTP Request: POST https://api.telegram.org/bot8584253560:AAElyNj0Ypym4rmV96TZTWugljDyO0JAcNs/getUpdates "HTTP/1.1 200 OK"
2026-02-12 12:44:53,710 - HTTP Request: POST https://api.telegram.org/bot8584253560:AAElyNj0Ypym4rmV96TZTWugljDyO0JAcNs/getUpdates "HTTP/1.1 200 OK"
2026-02-12 12:45:03,755 - HTTP Request: POST https://api.telegram.org/bot8584253560:AAElyNj0Ypym4rmV96TZTWugljDyO0JAcNs/getUpdates "HTTP/1.1 200 OK"
2026-02-12 12:45:13,799 - HTTP Request: POST https://api.telegram.org/bot8584253560:AAElyNj0Ypym4rmV96TZTWugljDyO0JAcNs/getUpdates "HTTP/1.1 200 OK"
2026-02-12 12:45:23,844 - HTTP Request: POST https://api.telegram.org/bot8584253560:AAElyNj0Ypym4rmV96TZTWugljDyO0JAcNs/getUpdates "HTTP/1.1 200 OK"
2026-02-12 12:45:27,074 - HTTP Request: POST https://api.telegram.org/bot8584253560:AAElyNj0Ypym4rmV96TZTWugljDyO0JAcNs/getUpdates "HTTP/1.1 200 OK"
2026-02-12 12:45:27,289 - HTTP Request: POST https://api.telegram.org/bot8584253560:AAElyNj0Ypym4rmV96TZTWugljDyO0JAcNs/answerCallbackQuery "HTTP/1.1 200 OK"
2026-02-12 12:45:27,290 - No error handlers are registered, logging exception.
Traceback (most recent call last):
  File "C:\Users\Dima\AppData\Local\Programs\Python\Python314\Lib\site-packages\telegram\ext\_application.py", line 1315, in process_update
    await coroutine
  File "C:\Users\Dima\AppData\Local\Programs\Python\Python314\Lib\site-packages\telegram\ext\_handlers\basehandler.py", line 159, in handle_update
    return await self.callback(update, context)
           ^^^^^^^^^^^^^^^^^^^^^^^^^^^^^^^^^^^^
  File "D:\python\crypto_signal_bot\bot.py", line 185, in button
    await start(update, context)
  File "D:\python\crypto_signal_bot\bot.py", line 161, in start
    await update.message.reply_text("Îáĺđłňü ňîęĺí:", reply_markup=reply_markup)
          ^^^^^^^^^^^^^^^^^^^^^^^^^
AttributeError: 'NoneType' object has no attribute 'reply_text'
2026-02-12 12:45:37,119 - HTTP Request: POST https://api.telegram.org/bot8584253560:AAElyNj0Ypym4rmV96TZTWugljDyO0JAcNs/getUpdates "HTTP/1.1 200 OK"
2026-02-12 12:45:47,162 - HTTP Request: POST https://api.telegram.org/bot8584253560:AAElyNj0Ypym4rmV96TZTWugljDyO0JAcNs/getUpdates "HTTP/1.1 200 OK"
2026-02-12 12:45:57,206 - HTTP Request: POST https://api.telegram.org/bot8584253560:AAElyNj0Ypym4rmV96TZTWugljDyO0JAcNs/getUpdates "HTTP/1.1 200 OK"
2026-02-12 12:46:07,251 - HTTP Request: POST https://api.telegram.org/bot8584253560:AAElyNj0Ypym4rmV96TZTWugljDyO0JAcNs/getUpdates "HTTP/1.1 200 OK"
2026-02-12 12:46:17,295 - HTTP Request: POST https://api.telegram.org/bot8584253560:AAElyNj0Ypym4rmV96TZTWugljDyO0JAcNs/getUpdates "HTTP/1.1 200 OK"
2026-02-12 12:46:27,341 - HTTP Request: POST https://api.telegram.org/bot8584253560:AAElyNj0Ypym4rmV96TZTWugljDyO0JAcNs/getUpdates "HTTP/1.1 200 OK"
2026-02-12 12:46:37,385 - HTTP Request: POST https://api.telegram.org/bot8584253560:AAElyNj0Ypym4rmV96TZTWugljDyO0JAcNs/getUpdates "HTTP/1.1 200 OK"
2026-02-12 12:46:47,435 - HTTP Request: POST https://api.telegram.org/bot8584253560:AAElyNj0Ypym4rmV96TZTWugljDyO0JAcNs/getUpdates "HTTP/1.1 200 OK"
2026-02-12 12:46:57,480 - HTTP Request: POST https://api.telegram.org/bot8584253560:AAElyNj0Ypym4rmV96TZTWugljDyO0JAcNs/getUpdates "HTTP/1.1 200 OK"
2026-02-12 12:47:07,525 - HTTP Request: POST https://api.telegram.org/bot8584253560:AAElyNj0Ypym4rmV96TZTWugljDyO0JAcNs/getUpdates "HTTP/1.1 200 OK"
2026-02-12 12:47:17,570 - HTTP Request: POST https://api.telegram.org/bot8584253560:AAElyNj0Ypym4rmV96TZTWugljDyO0JAcNs/getUpdates "HTTP/1.1 200 OK"
2026-02-12 12:47:27,617 - HTTP Request: POST https://api.telegram.org/bot8584253560:AAElyNj0Ypym4rmV96TZTWugljDyO0JAcNs/getUpdates "HTTP/1.1 200 OK"
2026-02-12 12:47:37,661 - HTTP Request: POST https://api.telegram.org/bot8584253560:AAElyNj0Ypym4rmV96TZTWugljDyO0JAcNs/getUpdates "HTTP/1.1 200 OK"
2026-02-12 12:47:47,706 - HTTP Request: POST https://api.telegram.org/bot8584253560:AAElyNj0Ypym4rmV96TZTWugljDyO0JAcNs/getUpdates "HTTP/1.1 200 OK"
2026-02-12 12:47:57,751 - HTTP Request: POST https://api.telegram.org/bot8584253560:AAElyNj0Ypym4rmV96TZTWugljDyO0JAcNs/getUpdates "HTTP/1.1 200 OK"
2026-02-12 12:48:07,797 - HTTP Request: POST https://api.telegram.org/bot8584253560:AAElyNj0Ypym4rmV96TZTWugljDyO0JAcNs/getUpdates "HTTP/1.1 200 OK"
2026-02-12 12:48:17,842 - HTTP Request: POST https://api.telegram.org/bot8584253560:AAElyNj0Ypym4rmV96TZTWugljDyO0JAcNs/getUpdates "HTTP/1.1 200 OK"
2026-02-12 12:48:27,888 - HTTP Request: POST https://api.telegram.org/bot8584253560:AAElyNj0Ypym4rmV96TZTWugljDyO0JAcNs/getUpdates "HTTP/1.1 200 OK"
2026-02-12 12:48:37,932 - HTTP Request: POST https://api.telegram.org/bot8584253560:AAElyNj0Ypym4rmV96TZTWugljDyO0JAcNs/getUpdates "HTTP/1.1 200 OK"
2026-02-12 12:48:47,977 - HTTP Request: POST https://api.telegram.org/bot8584253560:AAElyNj0Ypym4rmV96TZTWugljDyO0JAcNs/getUpdates "HTTP/1.1 200 OK"
2026-02-12 12:48:58,020 - HTTP Request: POST https://api.telegram.org/bot8584253560:AAElyNj0Ypym4rmV96TZTWugljDyO0JAcNs/getUpdates "HTTP/1.1 200 OK"
2026-02-12 12:49:03,786 - HTTP Request: POST https://api.telegram.org/bot8584253560:AAElyNj0Ypym4rmV96TZTWugljDyO0JAcNs/getUpdates "HTTP/1.1 200 OK"
2026-02-12 12:49:05,719 - HTTP Request: POST https://api.telegram.org/bot8584253560:AAElyNj0Ypym4rmV96TZTWugljDyO0JAcNs/getUpdates "HTTP/1.1 200 OK"
2026-02-12 12:49:05,878 - HTTP Request: POST https://api.telegram.org/bot8584253560:AAElyNj0Ypym4rmV96TZTWugljDyO0JAcNs/getUpdates "HTTP/1.1 200 OK"
2026-02-12 12:49:06,062 - HTTP Request: POST https://api.telegram.org/bot8584253560:AAElyNj0Ypym4rmV96TZTWugljDyO0JAcNs/sendMessage "HTTP/1.1 200 OK"
2026-02-12 12:49:08,610 - HTTP Request: POST https://api.telegram.org/bot8584253560:AAElyNj0Ypym4rmV96TZTWugljDyO0JAcNs/getUpdates "HTTP/1.1 200 OK"
2026-02-12 12:49:08,679 - HTTP Request: POST https://api.telegram.org/bot8584253560:AAElyNj0Ypym4rmV96TZTWugljDyO0JAcNs/answerCallbackQuery "HTTP/1.1 200 OK"
2026-02-12 12:49:08,755 - HTTP Request: POST https://api.telegram.org/bot8584253560:AAElyNj0Ypym4rmV96TZTWugljDyO0JAcNs/editMessageText "HTTP/1.1 200 OK"
2026-02-12 12:49:10,208 - HTTP Request: POST https://api.telegram.org/bot8584253560:AAElyNj0Ypym4rmV96TZTWugljDyO0JAcNs/getUpdates "HTTP/1.1 200 OK"
2026-02-12 12:49:10,303 - HTTP Request: POST https://api.telegram.org/bot8584253560:AAElyNj0Ypym4rmV96TZTWugljDyO0JAcNs/answerCallbackQuery "HTTP/1.1 200 OK"
2026-02-12 12:49:10,961 - HTTP Request: POST https://api.telegram.org/bot8584253560:AAElyNj0Ypym4rmV96TZTWugljDyO0JAcNs/editMessageText "HTTP/1.1 200 OK"
2026-02-12 12:49:15,105 - HTTP Request: POST https://api.telegram.org/bot8584253560:AAElyNj0Ypym4rmV96TZTWugljDyO0JAcNs/getUpdates "HTTP/1.1 200 OK"
2026-02-12 12:49:15,163 - HTTP Request: POST https://api.telegram.org/bot8584253560:AAElyNj0Ypym4rmV96TZTWugljDyO0JAcNs/answerCallbackQuery "HTTP/1.1 200 OK"
2026-02-12 12:49:15,165 - No error handlers are registered, logging exception.
Traceback (most recent call last):
  File "C:\Users\Dima\AppData\Local\Programs\Python\Python314\Lib\site-packages\telegram\ext\_application.py", line 1315, in process_update
    await coroutine
  File "C:\Users\Dima\AppData\Local\Programs\Python\Python314\Lib\site-packages\telegram\ext\_handlers\basehandler.py", line 159, in handle_update
    return await self.callback(update, context)
           ^^^^^^^^^^^^^^^^^^^^^^^^^^^^^^^^^^^^
  File "D:\python\crypto_signal_bot\bot.py", line 185, in button
    token, tf = query.data.split("_")
    ^^^^^^^^^^^^^^^^^^^^^^^^^^^^
  File "D:\python\crypto_signal_bot\bot.py", line 161, in start
    query = update.callback_query
          ^^^^^^^^^^^^^^^^^^^^^^^
AttributeError: 'NoneType' object has no attribute 'reply_text'
2026-02-12 12:49:15,933 - HTTP Request: POST https://api.telegram.org/bot8584253560:AAElyNj0Ypym4rmV96TZTWugljDyO0JAcNs/getUpdates "HTTP/1.1 200 OK"
2026-02-12 12:49:15,998 - HTTP Request: POST https://api.telegram.org/bot8584253560:AAElyNj0Ypym4rmV96TZTWugljDyO0JAcNs/answerCallbackQuery "HTTP/1.1 200 OK"
2026-02-12 12:49:15,999 - No error handlers are registered, logging exception.
Traceback (most recent call last):
  File "C:\Users\Dima\AppData\Local\Programs\Python\Python314\Lib\site-packages\telegram\ext\_application.py", line 1315, in process_update
    await coroutine
  File "C:\Users\Dima\AppData\Local\Programs\Python\Python314\Lib\site-packages\telegram\ext\_handlers\basehandler.py", line 159, in handle_update
    return await self.callback(update, context)
           ^^^^^^^^^^^^^^^^^^^^^^^^^^^^^^^^^^^^
  File "D:\python\crypto_signal_bot\bot.py", line 185, in button
    token, tf = query.data.split("_")
    ^^^^^^^^^^^^^^^^^^^^^^^^^^^^
  File "D:\python\crypto_signal_bot\bot.py", line 161, in start
    query = update.callback_query
          ^^^^^^^^^^^^^^^^^^^^^^^
AttributeError: 'NoneType' object has no attribute 'reply_text'
2026-02-12 12:49:16,299 - HTTP Request: POST https://api.telegram.org/bot8584253560:AAElyNj0Ypym4rmV96TZTWugljDyO0JAcNs/getUpdates "HTTP/1.1 200 OK"
2026-02-12 12:49:16,351 - HTTP Request: POST https://api.telegram.org/bot8584253560:AAElyNj0Ypym4rmV96TZTWugljDyO0JAcNs/answerCallbackQuery "HTTP/1.1 200 OK"
2026-02-12 12:49:16,352 - No error handlers are registered, logging exception.
Traceback (most recent call last):
  File "C:\Users\Dima\AppData\Local\Programs\Python\Python314\Lib\site-packages\telegram\ext\_application.py", line 1315, in process_update
    await coroutine
  File "C:\Users\Dima\AppData\Local\Programs\Python\Python314\Lib\site-packages\telegram\ext\_handlers\basehandler.py", line 159, in handle_update
    return await self.callback(update, context)
           ^^^^^^^^^^^^^^^^^^^^^^^^^^^^^^^^^^^^
  File "D:\python\crypto_signal_bot\bot.py", line 185, in button
    token, tf = query.data.split("_")
    ^^^^^^^^^^^^^^^^^^^^^^^^^^^^
  File "D:\python\crypto_signal_bot\bot.py", line 161, in start
    query = update.callback_query
          ^^^^^^^^^^^^^^^^^^^^^^^
AttributeError: 'NoneType' object has no attribute 'reply_text'
2026-02-12 12:49:16,488 - HTTP Request: POST https://api.telegram.org/bot8584253560:AAElyNj0Ypym4rmV96TZTWugljDyO0JAcNs/getUpdates "HTTP/1.1 200 OK"
2026-02-12 12:49:16,541 - HTTP Request: POST https://api.telegram.org/bot8584253560:AAElyNj0Ypym4rmV96TZTWugljDyO0JAcNs/answerCallbackQuery "HTTP/1.1 200 OK"
2026-02-12 12:49:16,542 - No error handlers are registered, logging exception.
Traceback (most recent call last):
  File "C:\Users\Dima\AppData\Local\Programs\Python\Python314\Lib\site-packages\telegram\ext\_application.py", line 1315, in process_update
    await coroutine
  File "C:\Users\Dima\AppData\Local\Programs\Python\Python314\Lib\site-packages\telegram\ext\_handlers\basehandler.py", line 159, in handle_update
    return await self.callback(update, context)
           ^^^^^^^^^^^^^^^^^^^^^^^^^^^^^^^^^^^^
  File "D:\python\crypto_signal_bot\bot.py", line 185, in button
    token, tf = query.data.split("_")
    ^^^^^^^^^^^^^^^^^^^^^^^^^^^^
  File "D:\python\crypto_signal_bot\bot.py", line 161, in start
    query = update.callback_query
          ^^^^^^^^^^^^^^^^^^^^^^^
AttributeError: 'NoneType' object has no attribute 'reply_text'
2026-02-12 12:49:16,673 - HTTP Request: POST https://api.telegram.org/bot8584253560:AAElyNj0Ypym4rmV96TZTWugljDyO0JAcNs/getUpdates "HTTP/1.1 200 OK"
2026-02-12 12:49:16,727 - HTTP Request: POST https://api.telegram.org/bot8584253560:AAElyNj0Ypym4rmV96TZTWugljDyO0JAcNs/answerCallbackQuery "HTTP/1.1 200 OK"
2026-02-12 12:49:16,728 - No error handlers are registered, logging exception.
Traceback (most recent call last):
  File "C:\Users\Dima\AppData\Local\Programs\Python\Python314\Lib\site-packages\telegram\ext\_application.py", line 1315, in process_update
    await coroutine
  File "C:\Users\Dima\AppData\Local\Programs\Python\Python314\Lib\site-packages\telegram\ext\_handlers\basehandler.py", line 159, in handle_update
    return await self.callback(update, context)
           ^^^^^^^^^^^^^^^^^^^^^^^^^^^^^^^^^^^^
  File "D:\python\crypto_signal_bot\bot.py", line 185, in button
    token, tf = query.data.split("_")
    ^^^^^^^^^^^^^^^^^^^^^^^^^^^^
  File "D:\python\crypto_signal_bot\bot.py", line 161, in start
    query = update.callback_query
          ^^^^^^^^^^^^^^^^^^^^^^^
AttributeError: 'NoneType' object has no attribute 'reply_text'
2026-02-12 12:49:20,920 - HTTP Request: POST https://api.telegram.org/bot8584253560:AAElyNj0Ypym4rmV96TZTWugljDyO0JAcNs/getUpdates "HTTP/1.1 200 OK"
2026-02-12 12:49:20,992 - HTTP Request: POST https://api.telegram.org/bot8584253560:AAElyNj0Ypym4rmV96TZTWugljDyO0JAcNs/answerCallbackQuery "HTTP/1.1 200 OK"
2026-02-12 12:49:20,993 - No error handlers are registered, logging exception.
Traceback (most recent call last):
  File "C:\Users\Dima\AppData\Local\Programs\Python\Python314\Lib\site-packages\telegram\ext\_application.py", line 1315, in process_update
    await coroutine
  File "C:\Users\Dima\AppData\Local\Programs\Python\Python314\Lib\site-packages\telegram\ext\_handlers\basehandler.py", line 159, in handle_update
    return await self.callback(update, context)
           ^^^^^^^^^^^^^^^^^^^^^^^^^^^^^^^^^^^^
  File "D:\python\crypto_signal_bot\bot.py", line 185, in button
    token, tf = query.data.split("_")
    ^^^^^^^^^^^^^^^^^^^^^^^^^^^^
  File "D:\python\crypto_signal_bot\bot.py", line 161, in start
    query = update.callback_query
          ^^^^^^^^^^^^^^^^^^^^^^^
AttributeError: 'NoneType' object has no attribute 'reply_text'
2026-02-12 12:49:27,199 - HTTP Request: POST https://api.telegram.org/bot8584253560:AAElyNj0Ypym4rmV96TZTWugljDyO0JAcNs/getUpdates "HTTP/1.1 200 OK"
2026-02-12 12:49:27,894 - HTTP Request: POST https://api.telegram.org/bot8584253560:AAElyNj0Ypym4rmV96TZTWugljDyO0JAcNs/getUpdates "HTTP/1.1 200 OK"
2026-02-12 12:49:27,963 - HTTP Request: POST https://api.telegram.org/bot8584253560:AAElyNj0Ypym4rmV96TZTWugljDyO0JAcNs/getUpdates "HTTP/1.1 200 OK"
2026-02-12 12:49:28,182 - HTTP Request: POST https://api.telegram.org/bot8584253560:AAElyNj0Ypym4rmV96TZTWugljDyO0JAcNs/sendMessage "HTTP/1.1 200 OK"
2026-02-12 12:49:29,909 - HTTP Request: POST https://api.telegram.org/bot8584253560:AAElyNj0Ypym4rmV96TZTWugljDyO0JAcNs/getUpdates "HTTP/1.1 200 OK"
2026-02-12 12:49:29,961 - HTTP Request: POST https://api.telegram.org/bot8584253560:AAElyNj0Ypym4rmV96TZTWugljDyO0JAcNs/answerCallbackQuery "HTTP/1.1 200 OK"
2026-02-12 12:49:30,026 - HTTP Request: POST https://api.telegram.org/bot8584253560:AAElyNj0Ypym4rmV96TZTWugljDyO0JAcNs/editMessageText "HTTP/1.1 200 OK"
2026-02-12 12:49:30,872 - HTTP Request: POST https://api.telegram.org/bot8584253560:AAElyNj0Ypym4rmV96TZTWugljDyO0JAcNs/getUpdates "HTTP/1.1 200 OK"
2026-02-12 12:49:30,928 - HTTP Request: POST https://api.telegram.org/bot8584253560:AAElyNj0Ypym4rmV96TZTWugljDyO0JAcNs/answerCallbackQuery "HTTP/1.1 200 OK"
2026-02-12 12:49:31,672 - HTTP Request: POST https://api.telegram.org/bot8584253560:AAElyNj0Ypym4rmV96TZTWugljDyO0JAcNs/editMessageText "HTTP/1.1 200 OK"
2026-02-12 12:49:33,717 - HTTP Request: POST https://api.telegram.org/bot8584253560:AAElyNj0Ypym4rmV96TZTWugljDyO0JAcNs/getUpdates "HTTP/1.1 200 OK"
2026-02-12 12:49:33,798 - HTTP Request: POST https://api.telegram.org/bot8584253560:AAElyNj0Ypym4rmV96TZTWugljDyO0JAcNs/answerCallbackQuery "HTTP/1.1 200 OK"
2026-02-12 12:49:33,799 - No error handlers are registered, logging exception.
Traceback (most recent call last):
  File "C:\Users\Dima\AppData\Local\Programs\Python\Python314\Lib\site-packages\telegram\ext\_application.py", line 1315, in process_update
    await coroutine
  File "C:\Users\Dima\AppData\Local\Programs\Python\Python314\Lib\site-packages\telegram\ext\_handlers\basehandler.py", line 159, in handle_update
    return await self.callback(update, context)
           ^^^^^^^^^^^^^^^^^^^^^^^^^^^^^^^^^^^^
  File "D:\python\crypto_signal_bot\bot.py", line 185, in button
    token, tf = query.data.split("_")
    ^^^^^^^^^^^^^^^^^^^^^^^^^^^^
  File "D:\python\crypto_signal_bot\bot.py", line 161, in start
    query = update.callback_query
          ^^^^^^^^^^^^^^^^^^^^^^^
AttributeError: 'NoneType' object has no attribute 'reply_text'
2026-02-12 12:49:43,763 - HTTP Request: POST https://api.telegram.org/bot8584253560:AAElyNj0Ypym4rmV96TZTWugljDyO0JAcNs/getUpdates "HTTP/1.1 200 OK"
